#
# There is insufficient memory for the Java Runtime Environment to continue.
# Native memory allocation (malloc) failed to allocate 1048576 bytes. Error detail: AllocateHeap
# Possible reasons:
#   The system is out of physical RAM or swap space
#   This process is running with CompressedOops enabled, and the Java Heap may be blocking the growth of the native heap
# Possible solutions:
#   Reduce memory load on the system
#   Increase physical memory or swap space
#   Check if swap backing store is full
#   Decrease Java heap size (-Xmx/-Xms)
#   Decrease number of Java threads
#   Decrease Java thread stack sizes (-Xss)
#   Set larger code cache with -XX:ReservedCodeCacheSize=
#   JVM is running with Unscaled Compressed Oops mode in which the Java heap is
#     placed in the first 4GB address space. The Java Heap base address is the
#     maximum limit for the native heap growth. Please use -XX:HeapBaseMinAddress
#     to set the Java Heap base and to place the Java Heap above 4GB virtual address.
# This output file may be truncated or incomplete.
#
#  Out of Memory Error (allocation.cpp:44), pid=4404, tid=6488
#
# JRE version: OpenJDK Runtime Environment Temurin-21.0.8+9 (21.0.8+9) (build 21.0.8+9-LTS)
# Java VM: OpenJDK 64-Bit Server VM Temurin-21.0.8+9 (21.0.8+9-LTS, mixed mode, sharing, tiered, compressed oops, compressed class ptrs, parallel gc, windows-amd64)
# No core dump will be written. Minidumps are not enabled by default on client versions of Windows
#

---------------  S U M M A R Y ------------

Command Line: --add-modules=ALL-SYSTEM --add-opens=java.base/java.util=ALL-UNNAMED --add-opens=java.base/java.lang=ALL-UNNAMED --add-opens=java.base/sun.nio.fs=ALL-UNNAMED -Declipse.application=org.eclipse.jdt.ls.core.id1 -Dosgi.bundles.defaultStartLevel=4 -Declipse.product=org.eclipse.jdt.ls.core.product -Djava.import.generatesMetadataFilesAtProjectRoot=false -DDetectVMInstallationsJob.disabled=true -Dfile.encoding=utf8 -XX:+UseParallelGC -XX:GCTimeRatio=4 -XX:AdaptiveSizePolicyWeight=90 -Dsun.zip.disableMemoryMapping=true -Xmx2G -Xms100m -Xlog:disable -javaagent:c:\Users\WILLIAN\.vscode\extensions\redhat.java-1.47.0-win32-x64\lombok\lombok-1.18.39-4050.jar -XX:+HeapDumpOnOutOfMemoryError -XX:HeapDumpPath=c:\Users\WILLIAN\AppData\Roaming\Code\User\workspaceStorage\09771ff72b9ba19fa62d1a0e727cc69a\redhat.java -Daether.dependencyCollector.impl=bf c:\Users\WILLIAN\.vscode\extensions\redhat.java-1.47.0-win32-x64\server\plugins\org.eclipse.equinox.launcher_1.7.100.v20251014-1222.jar -configuration c:\Users\WILLIAN\AppData\Roaming\Code\User\globalStorage\redhat.java\1.47.0\config_win -data c:\Users\WILLIAN\AppData\Roaming\Code\User\workspaceStorage\09771ff72b9ba19fa62d1a0e727cc69a\redhat.java\jdt_ws --pipe=\\.\pipe\lsp-799a317fba06af77349b2fe9fae06c8e-sock

Host: Intel(R) Core(TM) i5-5250U CPU @ 1.60GHz, 4 cores, 3G,  Windows 10 , 64 bit Build 19041 (10.0.19041.5915)
Time: Wed Nov 12 13:22:23 2025 Hora est. Pacífico, Sudamérica elapsed time: 101545.263148 seconds (1d 4h 12m 25s)

---------------  T H R E A D  ---------------

Current thread (0x0000018f4cb1d2a0):  JavaThread "Attach Listener" daemon [_thread_in_vm, id=6488, stack(0x00000025a3100000,0x00000025a3200000) (1024K)]

Stack: [0x00000025a3100000,0x00000025a3200000]
Native frames: (J=compiled Java code, j=interpreted, Vv=VM code, C=native code)
V  [jvm.dll+0x6d2449]
V  [jvm.dll+0x8ae341]
V  [jvm.dll+0x8b08be]
V  [jvm.dll+0x8b0fa3]
V  [jvm.dll+0x280c96]
V  [jvm.dll+0xc0347]
V  [jvm.dll+0x6d2cf9]
V  [jvm.dll+0x131116]
V  [jvm.dll+0x3f2d16]
V  [jvm.dll+0x857e6b]
V  [jvm.dll+0x6d0b0d]
C  [ucrtbase.dll+0x21bb2]
C  [KERNEL32.DLL+0x17374]
C  [ntdll.dll+0x4cc91]


---------------  P R O C E S S  ---------------

Threads class SMR info:
_java_thread_list=0x0000018f9718fe90, length=31, elements={
0x0000018f33e53ed0, 0x0000018f4cb17840, 0x0000018f4cb18d80, 0x0000018f4cb1c3d0,
0x0000018f4cb1d2a0, 0x0000018f4cb1def0, 0x0000018f4cb20950, 0x0000018f4cb21780,
0x0000018f4cb95880, 0x0000018f36206e10, 0x0000018f8eafb6c0, 0x0000018f9351f010,
0x0000018f933650c0, 0x0000018f933886a0, 0x0000018f933890d0, 0x0000018f4cb45df0,
0x0000018f93163470, 0x0000018f9390fef0, 0x0000018f93c20150, 0x0000018f93c1f430,
0x0000018f93c1e710, 0x0000018f93c1eda0, 0x0000018f9576d9c0, 0x0000018f95769eb0,
0x0000018f9576c610, 0x0000018f95768b00, 0x0000018f95767750, 0x0000018f95769820,
0x0000018f9576d330, 0x0000018f960a0960, 0x0000018f960a02d0
}

Java Threads: ( => current thread )
  0x0000018f33e53ed0 JavaThread "main"                              [_thread_blocked, id=13864, stack(0x00000025a2a00000,0x00000025a2b00000) (1024K)]
  0x0000018f4cb17840 JavaThread "Reference Handler"          daemon [_thread_blocked, id=15072, stack(0x00000025a2e00000,0x00000025a2f00000) (1024K)]
  0x0000018f4cb18d80 JavaThread "Finalizer"                  daemon [_thread_blocked, id=8900, stack(0x00000025a2f00000,0x00000025a3000000) (1024K)]
  0x0000018f4cb1c3d0 JavaThread "Signal Dispatcher"          daemon [_thread_blocked, id=16764, stack(0x00000025a3000000,0x00000025a3100000) (1024K)]
=>0x0000018f4cb1d2a0 JavaThread "Attach Listener"            daemon [_thread_in_vm, id=6488, stack(0x00000025a3100000,0x00000025a3200000) (1024K)]
  0x0000018f4cb1def0 JavaThread "Service Thread"             daemon [_thread_blocked, id=7684, stack(0x00000025a3200000,0x00000025a3300000) (1024K)]
  0x0000018f4cb20950 JavaThread "Monitor Deflation Thread"   daemon [_thread_blocked, id=1620, stack(0x00000025a3300000,0x00000025a3400000) (1024K)]
  0x0000018f4cb21780 JavaThread "C2 CompilerThread0"         daemon [_thread_blocked, id=16888, stack(0x00000025a3400000,0x00000025a3500000) (1024K)]
  0x0000018f4cb95880 JavaThread "C1 CompilerThread0"         daemon [_thread_blocked, id=14912, stack(0x00000025a3500000,0x00000025a3600000) (1024K)]
  0x0000018f36206e10 JavaThread "Common-Cleaner"             daemon [_thread_blocked, id=17516, stack(0x00000025a3600000,0x00000025a3700000) (1024K)]
  0x0000018f8eafb6c0 JavaThread "Notification Thread"        daemon [_thread_blocked, id=6904, stack(0x00000025a3700000,0x00000025a3800000) (1024K)]
  0x0000018f9351f010 JavaThread "Active Thread: Equinox Container: 9a011424-986c-42f0-9ee7-8c83ecb94d5e"        [_thread_blocked, id=13564, stack(0x00000025a3b00000,0x00000025a3c00000) (1024K)]
  0x0000018f933650c0 JavaThread "Refresh Thread: Equinox Container: 9a011424-986c-42f0-9ee7-8c83ecb94d5e" daemon [_thread_blocked, id=12980, stack(0x00000025a3c00000,0x00000025a3d00000) (1024K)]
  0x0000018f933886a0 JavaThread "Framework Event Dispatcher: Equinox Container: 9a011424-986c-42f0-9ee7-8c83ecb94d5e" daemon [_thread_blocked, id=14060, stack(0x00000025a3d00000,0x00000025a3e00000) (1024K)]
  0x0000018f933890d0 JavaThread "Start Level: Equinox Container: 9a011424-986c-42f0-9ee7-8c83ecb94d5e" daemon [_thread_blocked, id=4180, stack(0x00000025a3e00000,0x00000025a3f00000) (1024K)]
  0x0000018f4cb45df0 JavaThread "Bundle File Closer"         daemon [_thread_blocked, id=16272, stack(0x00000025a3f00000,0x00000025a4000000) (1024K)]
  0x0000018f93163470 JavaThread "SCR Component Actor"        daemon [_thread_blocked, id=1300, stack(0x00000025a4000000,0x00000025a4100000) (1024K)]
  0x0000018f9390fef0 JavaThread "Worker-JM"                         [_thread_blocked, id=7060, stack(0x00000025a4100000,0x00000025a4200000) (1024K)]
  0x0000018f93c20150 JavaThread "Java indexing"              daemon [_thread_blocked, id=17928, stack(0x00000025a4600000,0x00000025a4700000) (1024K)]
  0x0000018f93c1f430 JavaThread "JNA Cleaner"                daemon [_thread_blocked, id=6148, stack(0x00000025a4700000,0x00000025a4800000) (1024K)]
  0x0000018f93c1e710 JavaThread "Thread-1"                   daemon [_thread_in_native, id=16376, stack(0x00000025a4c00000,0x00000025a4d00000) (1024K)]
  0x0000018f93c1eda0 JavaThread "Thread-2"                   daemon [_thread_in_native, id=12124, stack(0x00000025a4d00000,0x00000025a4e00000) (1024K)]
  0x0000018f9576d9c0 JavaThread "Thread-3"                   daemon [_thread_in_native, id=3400, stack(0x00000025a4e00000,0x00000025a4f00000) (1024K)]
  0x0000018f95769eb0 JavaThread "Thread-4"                   daemon [_thread_in_native, id=11920, stack(0x00000025a4f00000,0x00000025a5000000) (1024K)]
  0x0000018f9576c610 JavaThread "Thread-5"                   daemon [_thread_in_native, id=7680, stack(0x00000025a5000000,0x00000025a5100000) (1024K)]
  0x0000018f95768b00 JavaThread "pool-2-thread-1"                   [_thread_blocked, id=13076, stack(0x00000025a5100000,0x00000025a5200000) (1024K)]
  0x0000018f95767750 JavaThread "WorkspaceEventsHandler"            [_thread_blocked, id=17632, stack(0x00000025a5200000,0x00000025a5300000) (1024K)]
  0x0000018f95769820 JavaThread "pool-1-thread-1"                   [_thread_blocked, id=16804, stack(0x00000025a5300000,0x00000025a5400000) (1024K)]
  0x0000018f9576d330 JavaThread "Cleaner-0"                  daemon [_thread_blocked, id=5608, stack(0x00000025a5700000,0x00000025a5800000) (1024K)]
  0x0000018f960a0960 JavaThread "Worker-25"                         [_thread_blocked, id=15296, stack(0x00000025a2900000,0x00000025a2a00000) (1024K)]
  0x0000018f960a02d0 JavaThread "Worker-26"                         [_thread_blocked, id=16256, stack(0x00000025a4200000,0x00000025a4300000) (1024K)]
Total: 31

Other Threads:
  0x0000018f4cafbe60 VMThread "VM Thread"                           [id=7148, stack(0x00000025a2d00000,0x00000025a2e00000) (1024K)]
  0x0000018f36205290 WatcherThread "VM Periodic Task Thread"        [id=11408, stack(0x00000025a2c00000,0x00000025a2d00000) (1024K)]
  0x0000018f3615c0d0 WorkerThread "GC Thread#0"                     [id=13580, stack(0x00000025a2b00000,0x00000025a2c00000) (1024K)]
  0x0000018f9300fc70 WorkerThread "GC Thread#1"                     [id=7924, stack(0x00000025a3800000,0x00000025a3900000) (1024K)]
  0x0000018f931e2f30 WorkerThread "GC Thread#2"                     [id=15356, stack(0x00000025a3900000,0x00000025a3a00000) (1024K)]
  0x0000018f931e32d0 WorkerThread "GC Thread#3"                     [id=3620, stack(0x00000025a3a00000,0x00000025a3b00000) (1024K)]
Total: 6

Threads with active compile tasks:
Total: 0

VM state: not at safepoint (normal execution)

VM Mutex/Monitor currently owned by a thread: None

Heap address: 0x0000000080000000, size: 2048 MB, Compressed Oops mode: 32-bit

CDS archive(s) mapped at: [0x0000018f4d000000-0x0000018f4dba0000-0x0000018f4dba0000), size 12189696, SharedBaseAddress: 0x0000018f4d000000, ArchiveRelocationMode: 1.
Compressed class space mapped at: 0x0000018f4e000000-0x0000018f8e000000, reserved size: 1073741824
Narrow klass base: 0x0000018f4d000000, Narrow klass shift: 0, Narrow klass range: 0x100000000

GC Precious Log:
 CardTable entry size: 512
 CPUs: 4 total, 4 available
 Memory: 3998M
 Large Page Support: Disabled
 NUMA Support: Disabled
 Compressed Oops: Enabled (32-bit)
 Alignments: Space 512K, Generation 512K, Heap 2M
 Heap Min Capacity: 100M
 Heap Initial Capacity: 100M
 Heap Max Capacity: 2G
 Pre-touch: Disabled
 Parallel Workers: 4

Heap:
 PSYoungGen      total 4608K, used 2189K [0x00000000d5580000, 0x00000000d5b80000, 0x0000000100000000)
  eden space 4096K, 50% used [0x00000000d5580000,0x00000000d5783600,0x00000000d5980000)
  from space 512K, 25% used [0x00000000d5b00000,0x00000000d5b20000,0x00000000d5b80000)
  to   space 512K, 0% used [0x00000000d5a80000,0x00000000d5a80000,0x00000000d5b00000)
 ParOldGen       total 517632K, used 517293K [0x0000000080000000, 0x000000009f980000, 0x00000000d5580000)
  object space 517632K, 99% used [0x0000000080000000,0x000000009f92b5d8,0x000000009f980000)
 Metaspace       used 75620K, committed 77184K, reserved 1179648K
  class space    used 7911K, committed 8576K, reserved 1048576K

Card table byte_map: [0x0000018f35af0000,0x0000018f35f00000] _byte_map_base: 0x0000018f356f0000

Marking Bits: (ParMarkBitMap*) 0x00007ff9fe24a340
 Begin Bits: [0x0000018f485f0000, 0x0000018f4a5f0000)
 End Bits:   [0x0000018f4a5f0000, 0x0000018f4c5f0000)

Polling page: 0x0000018f34120000

Metaspace:

Usage:
  Non-class:     66.12 MB used.
      Class:      7.73 MB used.
       Both:     73.85 MB used.

Virtual space:
  Non-class space:      128.00 MB reserved,      67.00 MB ( 52%) committed,  2 nodes.
      Class space:        1.00 GB reserved,       8.38 MB ( <1%) committed,  1 nodes.
             Both:        1.12 GB reserved,      75.38 MB (  7%) committed. 

Chunk freelists:
   Non-Class:  12.86 MB
       Class:  7.63 MB
        Both:  20.49 MB

MaxMetaspaceSize: unlimited
CompressedClassSpaceSize: 1.00 GB
Initial GC threshold: 21.00 MB
Current GC threshold: 97.31 MB
CDS: on
 - commit_granule_bytes: 65536.
 - commit_granule_words: 8192.
 - virtual_space_node_default_size: 8388608.
 - enlarge_chunks_in_place: 1.
 - use_allocation_guard: 0.


Internal statistics:

num_allocs_failed_limit: 9.
num_arena_births: 1334.
num_arena_deaths: 22.
num_vsnodes_births: 3.
num_vsnodes_deaths: 0.
num_space_committed: 1206.
num_space_uncommitted: 0.
num_chunks_returned_to_freelist: 34.
num_chunks_taken_from_freelist: 4751.
num_chunk_merges: 15.
num_chunk_splits: 2903.
num_chunks_enlarged: 1633.
num_inconsistent_stats: 0.

CodeHeap 'non-profiled nmethods': size=120000Kb used=10495Kb max_used=10495Kb free=109505Kb
 bounds [0x0000018f40e10000, 0x0000018f41850000, 0x0000018f48340000]
CodeHeap 'profiled nmethods': size=120000Kb used=32112Kb max_used=32112Kb free=87887Kb
 bounds [0x0000018f39340000, 0x0000018f3b2a0000, 0x0000018f40870000]
CodeHeap 'non-nmethods': size=5760Kb used=1481Kb max_used=1538Kb free=4279Kb
 bounds [0x0000018f40870000, 0x0000018f40ae0000, 0x0000018f40e10000]
CodeCache: size=245760Kb, used=44088Kb, max_used=44145Kb, free=201671Kb
 total_blobs=14751, nmethods=13945, adapters=712, full_count=0
Compilation: enabled, stopped_count=0, restarted_count=0

Compilation events (20 events):
Event: 23754.298 Thread 0x0000018f4cb95880 14679       3       jdk.internal.logger.DefaultLoggerFinder::isSystem (18 bytes)
Event: 23754.338 Thread 0x0000018f4cb95880 nmethod 14679 0x0000018f3b296790 code [0x0000018f3b2969e0, 0x0000018f3b2972e0]
Event: 23754.338 Thread 0x0000018f4cb95880 14680       3       jdk.internal.logger.DefaultLoggerFinder$1::<init> (10 bytes)
Event: 23754.339 Thread 0x0000018f4cb95880 nmethod 14680 0x0000018f3b297690 code [0x0000018f3b297840, 0x0000018f3b2979c8]
Event: 23754.339 Thread 0x0000018f4cb95880 14681       3       jdk.internal.logger.DefaultLoggerFinder$1::run (5 bytes)
Event: 23754.348 Thread 0x0000018f4cb95880 nmethod 14681 0x0000018f3b297a90 code [0x0000018f3b297ca0, 0x0000018f3b298310]
Event: 23754.348 Thread 0x0000018f4cb95880 14682       3       jdk.internal.logger.DefaultLoggerFinder$1::run (14 bytes)
Event: 23754.351 Thread 0x0000018f4cb95880 nmethod 14682 0x0000018f3b298590 code [0x0000018f3b2987a0, 0x0000018f3b298da8]
Event: 23760.798 Thread 0x0000018f4cb95880 14683   !   3       org.eclipse.osgi.container.ModuleDatabase::getTimestamp (25 bytes)
Event: 23760.857 Thread 0x0000018f4cb95880 nmethod 14683 0x0000018f3b299010 code [0x0000018f3b299260, 0x0000018f3b299ba8]
Event: 23880.899 Thread 0x0000018f4cb95880 14684       3       org.eclipse.osgi.storage.Storage::isReadOnly (10 bytes)
Event: 23880.943 Thread 0x0000018f4cb95880 nmethod 14684 0x0000018f3b29a010 code [0x0000018f3b29a1c0, 0x0000018f3b29a340]
Event: 24060.972 Thread 0x0000018f4cb95880 14685   !   3       org.eclipse.osgi.internal.framework.StorageSaver$StorageSaverTask::run (31 bytes)
Event: 24061.028 Thread 0x0000018f4cb95880 nmethod 14685 0x0000018f3b29a410 code [0x0000018f3b29a5e0, 0x0000018f3b29a880]
Event: 101522.488 Thread 0x0000018f4cb95880 14687       3       java.util.logging.Logger::getLogger (8 bytes)
Event: 101522.514 Thread 0x0000018f4cb95880 nmethod 14687 0x0000018f3b29aa10 code [0x0000018f3b29abe0, 0x0000018f3b29ada0]
Event: 101522.514 Thread 0x0000018f4cb95880 14688       3       java.util.logging.Logger::getLogger (7 bytes)
Event: 101522.515 Thread 0x0000018f4cb95880 nmethod 14688 0x0000018f3b29ae90 code [0x0000018f3b29b040, 0x0000018f3b29b168]
Event: 101522.515 Thread 0x0000018f4cb95880 14689       3       java.util.logging.Logger::demandLogger (36 bytes)
Event: 101522.559 Thread 0x0000018f4cb95880 nmethod 14689 0x0000018f3b29b210 code [0x0000018f3b29b4a0, 0x0000018f3b29bf50]

GC Heap History (20 events):
Event: 4593.278 GC heap before
{Heap before GC invocations=454 (full 3):
 PSYoungGen      total 4608K, used 4352K [0x00000000d5580000, 0x00000000d5b80000, 0x0000000100000000)
  eden space 4096K, 100% used [0x00000000d5580000,0x00000000d5980000,0x00000000d5980000)
  from space 512K, 50% used [0x00000000d5b00000,0x00000000d5b40020,0x00000000d5b80000)
  to   space 512K, 0% used [0x00000000d5a80000,0x00000000d5a80000,0x00000000d5b00000)
 ParOldGen       total 516608K, used 516144K [0x0000000080000000, 0x000000009f880000, 0x00000000d5580000)
  object space 516608K, 99% used [0x0000000080000000,0x000000009f80c088,0x000000009f880000)
 Metaspace       used 75558K, committed 77120K, reserved 1179648K
  class space    used 7911K, committed 8576K, reserved 1048576K
}
Event: 4593.282 GC heap after
{Heap after GC invocations=454 (full 3):
 PSYoungGen      total 4608K, used 128K [0x00000000d5580000, 0x00000000d5b80000, 0x0000000100000000)
  eden space 4096K, 0% used [0x00000000d5580000,0x00000000d5580000,0x00000000d5980000)
  from space 512K, 25% used [0x00000000d5a80000,0x00000000d5aa0000,0x00000000d5b00000)
  to   space 512K, 0% used [0x00000000d5b00000,0x00000000d5b00000,0x00000000d5b80000)
 ParOldGen       total 516608K, used 516232K [0x0000000080000000, 0x000000009f880000, 0x00000000d5580000)
  object space 516608K, 99% used [0x0000000080000000,0x000000009f8220a8,0x000000009f880000)
 Metaspace       used 75558K, committed 77120K, reserved 1179648K
  class space    used 7911K, committed 8576K, reserved 1048576K
}
Event: 4600.953 GC heap before
{Heap before GC invocations=455 (full 3):
 PSYoungGen      total 4608K, used 4224K [0x00000000d5580000, 0x00000000d5b80000, 0x0000000100000000)
  eden space 4096K, 100% used [0x00000000d5580000,0x00000000d5980000,0x00000000d5980000)
  from space 512K, 25% used [0x00000000d5a80000,0x00000000d5aa0000,0x00000000d5b00000)
  to   space 512K, 0% used [0x00000000d5b00000,0x00000000d5b00000,0x00000000d5b80000)
 ParOldGen       total 516608K, used 516232K [0x0000000080000000, 0x000000009f880000, 0x00000000d5580000)
  object space 516608K, 99% used [0x0000000080000000,0x000000009f8220a8,0x000000009f880000)
 Metaspace       used 75566K, committed 77120K, reserved 1179648K
  class space    used 7911K, committed 8576K, reserved 1048576K
}
Event: 4600.961 GC heap after
{Heap after GC invocations=455 (full 3):
 PSYoungGen      total 4608K, used 128K [0x00000000d5580000, 0x00000000d5b80000, 0x0000000100000000)
  eden space 4096K, 0% used [0x00000000d5580000,0x00000000d5580000,0x00000000d5980000)
  from space 512K, 25% used [0x00000000d5b00000,0x00000000d5b20000,0x00000000d5b80000)
  to   space 512K, 0% used [0x00000000d5a80000,0x00000000d5a80000,0x00000000d5b00000)
 ParOldGen       total 516608K, used 516264K [0x0000000080000000, 0x000000009f880000, 0x00000000d5580000)
  object space 516608K, 99% used [0x0000000080000000,0x000000009f82a0a8,0x000000009f880000)
 Metaspace       used 75566K, committed 77120K, reserved 1179648K
  class space    used 7911K, committed 8576K, reserved 1048576K
}
Event: 4613.597 GC heap before
{Heap before GC invocations=456 (full 3):
 PSYoungGen      total 4608K, used 4224K [0x00000000d5580000, 0x00000000d5b80000, 0x0000000100000000)
  eden space 4096K, 100% used [0x00000000d5580000,0x00000000d5980000,0x00000000d5980000)
  from space 512K, 25% used [0x00000000d5b00000,0x00000000d5b20000,0x00000000d5b80000)
  to   space 512K, 0% used [0x00000000d5a80000,0x00000000d5a80000,0x00000000d5b00000)
 ParOldGen       total 516608K, used 516264K [0x0000000080000000, 0x000000009f880000, 0x00000000d5580000)
  object space 516608K, 99% used [0x0000000080000000,0x000000009f82a0a8,0x000000009f880000)
 Metaspace       used 75567K, committed 77120K, reserved 1179648K
  class space    used 7911K, committed 8576K, reserved 1048576K
}
Event: 4613.605 GC heap after
{Heap after GC invocations=456 (full 3):
 PSYoungGen      total 4608K, used 128K [0x00000000d5580000, 0x00000000d5b80000, 0x0000000100000000)
  eden space 4096K, 0% used [0x00000000d5580000,0x00000000d5580000,0x00000000d5980000)
  from space 512K, 25% used [0x00000000d5a80000,0x00000000d5aa0000,0x00000000d5b00000)
  to   space 512K, 0% used [0x00000000d5b00000,0x00000000d5b00000,0x00000000d5b80000)
 ParOldGen       total 516608K, used 516280K [0x0000000080000000, 0x000000009f880000, 0x00000000d5580000)
  object space 516608K, 99% used [0x0000000080000000,0x000000009f82e0a8,0x000000009f880000)
 Metaspace       used 75567K, committed 77120K, reserved 1179648K
  class space    used 7911K, committed 8576K, reserved 1048576K
}
Event: 4622.386 GC heap before
{Heap before GC invocations=457 (full 3):
 PSYoungGen      total 4608K, used 4224K [0x00000000d5580000, 0x00000000d5b80000, 0x0000000100000000)
  eden space 4096K, 100% used [0x00000000d5580000,0x00000000d5980000,0x00000000d5980000)
  from space 512K, 25% used [0x00000000d5a80000,0x00000000d5aa0000,0x00000000d5b00000)
  to   space 512K, 0% used [0x00000000d5b00000,0x00000000d5b00000,0x00000000d5b80000)
 ParOldGen       total 516608K, used 516280K [0x0000000080000000, 0x000000009f880000, 0x00000000d5580000)
  object space 516608K, 99% used [0x0000000080000000,0x000000009f82e0a8,0x000000009f880000)
 Metaspace       used 75580K, committed 77120K, reserved 1179648K
  class space    used 7911K, committed 8576K, reserved 1048576K
}
Event: 4622.390 GC heap after
{Heap after GC invocations=457 (full 3):
 PSYoungGen      total 4608K, used 128K [0x00000000d5580000, 0x00000000d5b80000, 0x0000000100000000)
  eden space 4096K, 0% used [0x00000000d5580000,0x00000000d5580000,0x00000000d5980000)
  from space 512K, 25% used [0x00000000d5b00000,0x00000000d5b20000,0x00000000d5b80000)
  to   space 512K, 0% used [0x00000000d5a80000,0x00000000d5a80000,0x00000000d5b00000)
 ParOldGen       total 516608K, used 516304K [0x0000000080000000, 0x000000009f880000, 0x00000000d5580000)
  object space 516608K, 99% used [0x0000000080000000,0x000000009f8340a8,0x000000009f880000)
 Metaspace       used 75580K, committed 77120K, reserved 1179648K
  class space    used 7911K, committed 8576K, reserved 1048576K
}
Event: 4628.808 GC heap before
{Heap before GC invocations=458 (full 3):
 PSYoungGen      total 4608K, used 4223K [0x00000000d5580000, 0x00000000d5b80000, 0x0000000100000000)
  eden space 4096K, 99% used [0x00000000d5580000,0x00000000d597fff0,0x00000000d5980000)
  from space 512K, 25% used [0x00000000d5b00000,0x00000000d5b20000,0x00000000d5b80000)
  to   space 512K, 0% used [0x00000000d5a80000,0x00000000d5a80000,0x00000000d5b00000)
 ParOldGen       total 516608K, used 516304K [0x0000000080000000, 0x000000009f880000, 0x00000000d5580000)
  object space 516608K, 99% used [0x0000000080000000,0x000000009f8340a8,0x000000009f880000)
 Metaspace       used 75584K, committed 77120K, reserved 1179648K
  class space    used 7911K, committed 8576K, reserved 1048576K
}
Event: 4628.814 GC heap after
{Heap after GC invocations=458 (full 3):
 PSYoungGen      total 4608K, used 160K [0x00000000d5580000, 0x00000000d5b80000, 0x0000000100000000)
  eden space 4096K, 0% used [0x00000000d5580000,0x00000000d5580000,0x00000000d5980000)
  from space 512K, 31% used [0x00000000d5a80000,0x00000000d5aa8000,0x00000000d5b00000)
  to   space 512K, 0% used [0x00000000d5b00000,0x00000000d5b00000,0x00000000d5b80000)
 ParOldGen       total 516608K, used 516328K [0x0000000080000000, 0x000000009f880000, 0x00000000d5580000)
  object space 516608K, 99% used [0x0000000080000000,0x000000009f83a0a8,0x000000009f880000)
 Metaspace       used 75584K, committed 77120K, reserved 1179648K
  class space    used 7911K, committed 8576K, reserved 1048576K
}
Event: 4785.721 GC heap before
{Heap before GC invocations=459 (full 3):
 PSYoungGen      total 4608K, used 4256K [0x00000000d5580000, 0x00000000d5b80000, 0x0000000100000000)
  eden space 4096K, 100% used [0x00000000d5580000,0x00000000d5980000,0x00000000d5980000)
  from space 512K, 31% used [0x00000000d5a80000,0x00000000d5aa8000,0x00000000d5b00000)
  to   space 512K, 0% used [0x00000000d5b00000,0x00000000d5b00000,0x00000000d5b80000)
 ParOldGen       total 516608K, used 516328K [0x0000000080000000, 0x000000009f880000, 0x00000000d5580000)
  object space 516608K, 99% used [0x0000000080000000,0x000000009f83a0a8,0x000000009f880000)
 Metaspace       used 75589K, committed 77120K, reserved 1179648K
  class space    used 7911K, committed 8576K, reserved 1048576K
}
Event: 4785.738 GC heap after
{Heap after GC invocations=459 (full 3):
 PSYoungGen      total 4608K, used 128K [0x00000000d5580000, 0x00000000d5b80000, 0x0000000100000000)
  eden space 4096K, 0% used [0x00000000d5580000,0x00000000d5580000,0x00000000d5980000)
  from space 512K, 25% used [0x00000000d5b00000,0x00000000d5b20000,0x00000000d5b80000)
  to   space 512K, 0% used [0x00000000d5a80000,0x00000000d5a80000,0x00000000d5b00000)
 ParOldGen       total 517632K, used 517125K [0x0000000080000000, 0x000000009f980000, 0x00000000d5580000)
  object space 517632K, 99% used [0x0000000080000000,0x000000009f9015b8,0x000000009f980000)
 Metaspace       used 75589K, committed 77120K, reserved 1179648K
  class space    used 7911K, committed 8576K, reserved 1048576K
}
Event: 4938.630 GC heap before
{Heap before GC invocations=460 (full 3):
 PSYoungGen      total 4608K, used 4224K [0x00000000d5580000, 0x00000000d5b80000, 0x0000000100000000)
  eden space 4096K, 100% used [0x00000000d5580000,0x00000000d5980000,0x00000000d5980000)
  from space 512K, 25% used [0x00000000d5b00000,0x00000000d5b20000,0x00000000d5b80000)
  to   space 512K, 0% used [0x00000000d5a80000,0x00000000d5a80000,0x00000000d5b00000)
 ParOldGen       total 517632K, used 517125K [0x0000000080000000, 0x000000009f980000, 0x00000000d5580000)
  object space 517632K, 99% used [0x0000000080000000,0x000000009f9015b8,0x000000009f980000)
 Metaspace       used 75590K, committed 77120K, reserved 1179648K
  class space    used 7911K, committed 8576K, reserved 1048576K
}
Event: 4938.636 GC heap after
{Heap after GC invocations=460 (full 3):
 PSYoungGen      total 4608K, used 224K [0x00000000d5580000, 0x00000000d5b80000, 0x0000000100000000)
  eden space 4096K, 0% used [0x00000000d5580000,0x00000000d5580000,0x00000000d5980000)
  from space 512K, 43% used [0x00000000d5a80000,0x00000000d5ab8020,0x00000000d5b00000)
  to   space 512K, 0% used [0x00000000d5b00000,0x00000000d5b00000,0x00000000d5b80000)
 ParOldGen       total 517632K, used 517149K [0x0000000080000000, 0x000000009f980000, 0x00000000d5580000)
  object space 517632K, 99% used [0x0000000080000000,0x000000009f9075b8,0x000000009f980000)
 Metaspace       used 75590K, committed 77120K, reserved 1179648K
  class space    used 7911K, committed 8576K, reserved 1048576K
}
Event: 4953.032 GC heap before
{Heap before GC invocations=461 (full 3):
 PSYoungGen      total 4608K, used 4320K [0x00000000d5580000, 0x00000000d5b80000, 0x0000000100000000)
  eden space 4096K, 100% used [0x00000000d5580000,0x00000000d5980000,0x00000000d5980000)
  from space 512K, 43% used [0x00000000d5a80000,0x00000000d5ab8020,0x00000000d5b00000)
  to   space 512K, 0% used [0x00000000d5b00000,0x00000000d5b00000,0x00000000d5b80000)
 ParOldGen       total 517632K, used 517149K [0x0000000080000000, 0x000000009f980000, 0x00000000d5580000)
  object space 517632K, 99% used [0x0000000080000000,0x000000009f9075b8,0x000000009f980000)
 Metaspace       used 75597K, committed 77120K, reserved 1179648K
  class space    used 7911K, committed 8576K, reserved 1048576K
}
Event: 4953.036 GC heap after
{Heap after GC invocations=461 (full 3):
 PSYoungGen      total 4608K, used 128K [0x00000000d5580000, 0x00000000d5b80000, 0x0000000100000000)
  eden space 4096K, 0% used [0x00000000d5580000,0x00000000d5580000,0x00000000d5980000)
  from space 512K, 25% used [0x00000000d5b00000,0x00000000d5b20000,0x00000000d5b80000)
  to   space 512K, 0% used [0x00000000d5a80000,0x00000000d5a80000,0x00000000d5b00000)
 ParOldGen       total 517632K, used 517245K [0x0000000080000000, 0x000000009f980000, 0x00000000d5580000)
  object space 517632K, 99% used [0x0000000080000000,0x000000009f91f5d8,0x000000009f980000)
 Metaspace       used 75597K, committed 77120K, reserved 1179648K
  class space    used 7911K, committed 8576K, reserved 1048576K
}
Event: 4982.491 GC heap before
{Heap before GC invocations=462 (full 3):
 PSYoungGen      total 4608K, used 4224K [0x00000000d5580000, 0x00000000d5b80000, 0x0000000100000000)
  eden space 4096K, 100% used [0x00000000d5580000,0x00000000d5980000,0x00000000d5980000)
  from space 512K, 25% used [0x00000000d5b00000,0x00000000d5b20000,0x00000000d5b80000)
  to   space 512K, 0% used [0x00000000d5a80000,0x00000000d5a80000,0x00000000d5b00000)
 ParOldGen       total 517632K, used 517245K [0x0000000080000000, 0x000000009f980000, 0x00000000d5580000)
  object space 517632K, 99% used [0x0000000080000000,0x000000009f91f5d8,0x000000009f980000)
 Metaspace       used 75599K, committed 77120K, reserved 1179648K
  class space    used 7911K, committed 8576K, reserved 1048576K
}
Event: 4982.496 GC heap after
{Heap after GC invocations=462 (full 3):
 PSYoungGen      total 4608K, used 128K [0x00000000d5580000, 0x00000000d5b80000, 0x0000000100000000)
  eden space 4096K, 0% used [0x00000000d5580000,0x00000000d5580000,0x00000000d5980000)
  from space 512K, 25% used [0x00000000d5a80000,0x00000000d5aa0000,0x00000000d5b00000)
  to   space 512K, 0% used [0x00000000d5b00000,0x00000000d5b00000,0x00000000d5b80000)
 ParOldGen       total 517632K, used 517269K [0x0000000080000000, 0x000000009f980000, 0x00000000d5580000)
  object space 517632K, 99% used [0x0000000080000000,0x000000009f9255d8,0x000000009f980000)
 Metaspace       used 75599K, committed 77120K, reserved 1179648K
  class space    used 7911K, committed 8576K, reserved 1048576K
}
Event: 4991.445 GC heap before
{Heap before GC invocations=463 (full 3):
 PSYoungGen      total 4608K, used 4223K [0x00000000d5580000, 0x00000000d5b80000, 0x0000000100000000)
  eden space 4096K, 99% used [0x00000000d5580000,0x00000000d597ffd8,0x00000000d5980000)
  from space 512K, 25% used [0x00000000d5a80000,0x00000000d5aa0000,0x00000000d5b00000)
  to   space 512K, 0% used [0x00000000d5b00000,0x00000000d5b00000,0x00000000d5b80000)
 ParOldGen       total 517632K, used 517269K [0x0000000080000000, 0x000000009f980000, 0x00000000d5580000)
  object space 517632K, 99% used [0x0000000080000000,0x000000009f9255d8,0x000000009f980000)
 Metaspace       used 75604K, committed 77120K, reserved 1179648K
  class space    used 7911K, committed 8576K, reserved 1048576K
}
Event: 4991.451 GC heap after
{Heap after GC invocations=463 (full 3):
 PSYoungGen      total 4608K, used 128K [0x00000000d5580000, 0x00000000d5b80000, 0x0000000100000000)
  eden space 4096K, 0% used [0x00000000d5580000,0x00000000d5580000,0x00000000d5980000)
  from space 512K, 25% used [0x00000000d5b00000,0x00000000d5b20000,0x00000000d5b80000)
  to   space 512K, 0% used [0x00000000d5a80000,0x00000000d5a80000,0x00000000d5b00000)
 ParOldGen       total 517632K, used 517293K [0x0000000080000000, 0x000000009f980000, 0x00000000d5580000)
  object space 517632K, 99% used [0x0000000080000000,0x000000009f92b5d8,0x000000009f980000)
 Metaspace       used 75604K, committed 77120K, reserved 1179648K
  class space    used 7911K, committed 8576K, reserved 1048576K
}

Dll operation events (14 events):
Event: 0.043 Loaded shared library c:\Users\WILLIAN\.vscode\extensions\redhat.java-1.47.0-win32-x64\jre\21.0.8-win32-x86_64\bin\java.dll
Event: 0.617 Loaded shared library c:\Users\WILLIAN\.vscode\extensions\redhat.java-1.47.0-win32-x64\jre\21.0.8-win32-x86_64\bin\zip.dll
Event: 0.719 Loaded shared library C:\Users\WILLIAN\.vscode\extensions\redhat.java-1.47.0-win32-x64\jre\21.0.8-win32-x86_64\bin\instrument.dll
Event: 0.741 Loaded shared library C:\Users\WILLIAN\.vscode\extensions\redhat.java-1.47.0-win32-x64\jre\21.0.8-win32-x86_64\bin\net.dll
Event: 0.748 Loaded shared library C:\Users\WILLIAN\.vscode\extensions\redhat.java-1.47.0-win32-x64\jre\21.0.8-win32-x86_64\bin\nio.dll
Event: 0.755 Loaded shared library C:\Users\WILLIAN\.vscode\extensions\redhat.java-1.47.0-win32-x64\jre\21.0.8-win32-x86_64\bin\zip.dll
Event: 0.825 Loaded shared library C:\Users\WILLIAN\.vscode\extensions\redhat.java-1.47.0-win32-x64\jre\21.0.8-win32-x86_64\bin\jimage.dll
Event: 1.410 Loaded shared library c:\Users\WILLIAN\.vscode\extensions\redhat.java-1.47.0-win32-x64\jre\21.0.8-win32-x86_64\bin\verify.dll
Event: 7.021 Loaded shared library C:\Users\WILLIAN\AppData\Roaming\Code\User\globalStorage\redhat.java\1.47.0\config_win\org.eclipse.equinox.launcher\org.eclipse.equinox.launcher.win32.win32.x86_64_1.2.1400.v20250801-0854\eclipse_11916.dll
Event: 15.275 Loaded shared library C:\Users\WILLIAN\.vscode\extensions\redhat.java-1.47.0-win32-x64\jre\21.0.8-win32-x86_64\bin\management.dll
Event: 15.313 Loaded shared library C:\Users\WILLIAN\.vscode\extensions\redhat.java-1.47.0-win32-x64\jre\21.0.8-win32-x86_64\bin\management_ext.dll
Event: 25.521 Loaded shared library C:\Users\WILLIAN\AppData\Local\Temp\jna-1750239835\jna7829482501651558418.dll
Event: 28.007 Loaded shared library C:\Users\WILLIAN\.vscode\extensions\redhat.java-1.47.0-win32-x64\jre\21.0.8-win32-x86_64\bin\sunmscapi.dll
Event: 28.608 Loaded shared library C:\Users\WILLIAN\.vscode\extensions\redhat.java-1.47.0-win32-x64\jre\21.0.8-win32-x86_64\bin\extnet.dll

Deoptimization events (20 events):
Event: 3981.929 Thread 0x0000018f9609fc40 DEOPT PACKING pc=0x0000018f3ad88b93 sp=0x00000025a29fcbc0
Event: 3981.930 Thread 0x0000018f9609fc40 DEOPT UNPACKING pc=0x0000018f408c4242 sp=0x00000025a29fc200 mode 0
Event: 4152.408 Thread 0x0000018f95769820 DEOPT PACKING pc=0x0000018f3ab76644 sp=0x00000025a53fe5d0
Event: 4152.414 Thread 0x0000018f95769820 DEOPT UNPACKING pc=0x0000018f408c4242 sp=0x00000025a53fdab0 mode 0
Event: 4666.950 Thread 0x0000018f9609f5b0 Uncommon trap: trap_request=0xffffffbe fr.pc=0x0000018f41848a24 relative=0x0000000000000da4
Event: 4666.951 Thread 0x0000018f9609f5b0 Uncommon trap: reason=profile_predicate action=maybe_recompile pc=0x0000018f41848a24 method=org.eclipse.core.internal.jobs.DeadlockDetector.reduceGraph(ILorg/eclipse/core/runtime/jobs/ISchedulingRule;)V @ 67 c2
Event: 4666.951 Thread 0x0000018f9609f5b0 DEOPT PACKING pc=0x0000018f41848a24 sp=0x00000025a42ff3d0
Event: 4666.952 Thread 0x0000018f9609f5b0 DEOPT UNPACKING pc=0x0000018f408c3aa2 sp=0x00000025a42ff368 mode 2
Event: 4785.751 Thread 0x0000018f960a0960 Uncommon trap: trap_request=0xffffffbe fr.pc=0x0000018f41848a24 relative=0x0000000000000da4
Event: 4785.751 Thread 0x0000018f960a0960 Uncommon trap: reason=profile_predicate action=maybe_recompile pc=0x0000018f41848a24 method=org.eclipse.core.internal.jobs.DeadlockDetector.reduceGraph(ILorg/eclipse/core/runtime/jobs/ISchedulingRule;)V @ 67 c2
Event: 4785.751 Thread 0x0000018f960a0960 DEOPT PACKING pc=0x0000018f41848a24 sp=0x00000025a29ff310
Event: 4785.752 Thread 0x0000018f960a0960 DEOPT UNPACKING pc=0x0000018f408c3aa2 sp=0x00000025a29ff2a8 mode 2
Event: 4785.864 Thread 0x0000018f9609e890 Uncommon trap: trap_request=0xffffffbe fr.pc=0x0000018f41848a24 relative=0x0000000000000da4
Event: 4785.864 Thread 0x0000018f9609e890 Uncommon trap: reason=profile_predicate action=maybe_recompile pc=0x0000018f41848a24 method=org.eclipse.core.internal.jobs.DeadlockDetector.reduceGraph(ILorg/eclipse/core/runtime/jobs/ISchedulingRule;)V @ 67 c2
Event: 4785.864 Thread 0x0000018f9609e890 DEOPT PACKING pc=0x0000018f41848a24 sp=0x00000025a28fedd0
Event: 4785.867 Thread 0x0000018f9609e890 DEOPT UNPACKING pc=0x0000018f408c3aa2 sp=0x00000025a28fed68 mode 2
Event: 4816.114 Thread 0x0000018f960a0960 Uncommon trap: trap_request=0xffffffbe fr.pc=0x0000018f41848a24 relative=0x0000000000000da4
Event: 4816.114 Thread 0x0000018f960a0960 Uncommon trap: reason=profile_predicate action=maybe_recompile pc=0x0000018f41848a24 method=org.eclipse.core.internal.jobs.DeadlockDetector.reduceGraph(ILorg/eclipse/core/runtime/jobs/ISchedulingRule;)V @ 67 c2
Event: 4816.114 Thread 0x0000018f960a0960 DEOPT PACKING pc=0x0000018f41848a24 sp=0x00000025a29ff090
Event: 4816.115 Thread 0x0000018f960a0960 DEOPT UNPACKING pc=0x0000018f408c3aa2 sp=0x00000025a29ff010 mode 2

Classes loaded (20 events):
Event: 87.761 Loading class java/io/ObjectStreamClass$DeserializationConstructorsCache$Key$Impl
Event: 87.761 Loading class java/io/ObjectStreamClass$DeserializationConstructorsCache$Key$Impl done
Event: 88.797 Loading class jdk/internal/ref/CleanerImpl$InnocuousThreadFactory
Event: 88.859 Loading class jdk/internal/ref/CleanerImpl$InnocuousThreadFactory done
Event: 89.009 Loading class org/xml/sax/SAXNotRecognizedException
Event: 89.009 Loading class org/xml/sax/SAXNotRecognizedException done
Event: 89.010 Loading class org/xml/sax/SAXNotSupportedException
Event: 89.010 Loading class org/xml/sax/SAXNotSupportedException done
Event: 89.011 Loading class com/sun/org/apache/xerces/internal/util/URI
Event: 89.015 Loading class com/sun/org/apache/xerces/internal/util/URI done
Event: 89.017 Loading class com/sun/org/apache/xerces/internal/xni/XNIException
Event: 89.018 Loading class com/sun/org/apache/xerces/internal/xni/XNIException done
Event: 89.018 Loading class com/sun/org/apache/xerces/internal/xni/parser/XMLParseException
Event: 89.019 Loading class com/sun/org/apache/xerces/internal/xni/parser/XMLParseException done
Event: 96.558 Loading class java/util/stream/DistinctOps
Event: 96.559 Loading class java/util/stream/DistinctOps done
Event: 96.559 Loading class java/util/stream/DistinctOps$1
Event: 96.560 Loading class java/util/stream/DistinctOps$1 done
Event: 96.567 Loading class java/util/stream/DistinctOps$1$2
Event: 96.567 Loading class java/util/stream/DistinctOps$1$2 done

Classes unloaded (11 events):
Event: 18.992 Thread 0x0000018f4cafbe60 Unloading class 0x0000018f4e1b1400 'java/lang/invoke/LambdaForm$MH+0x0000018f4e1b1400'
Event: 18.992 Thread 0x0000018f4cafbe60 Unloading class 0x0000018f4e1b1000 'java/lang/invoke/LambdaForm$MH+0x0000018f4e1b1000'
Event: 18.992 Thread 0x0000018f4cafbe60 Unloading class 0x0000018f4e1b0c00 'java/lang/invoke/LambdaForm$MH+0x0000018f4e1b0c00'
Event: 18.992 Thread 0x0000018f4cafbe60 Unloading class 0x0000018f4e1b0800 'java/lang/invoke/LambdaForm$MH+0x0000018f4e1b0800'
Event: 18.992 Thread 0x0000018f4cafbe60 Unloading class 0x0000018f4e1b0400 'java/lang/invoke/LambdaForm$BMH+0x0000018f4e1b0400'
Event: 18.992 Thread 0x0000018f4cafbe60 Unloading class 0x0000018f4e1b0000 'java/lang/invoke/LambdaForm$DMH+0x0000018f4e1b0000'
Event: 18.992 Thread 0x0000018f4cafbe60 Unloading class 0x0000018f4e1aec00 'java/lang/invoke/LambdaForm$DMH+0x0000018f4e1aec00'
Event: 25.198 Thread 0x0000018f4cafbe60 Unloading class 0x0000018f4e2a4800 'java/lang/invoke/LambdaForm$MH+0x0000018f4e2a4800'
Event: 25.198 Thread 0x0000018f4cafbe60 Unloading class 0x0000018f4e2a4000 'java/lang/invoke/LambdaForm$MH+0x0000018f4e2a4000'
Event: 25.199 Thread 0x0000018f4cafbe60 Unloading class 0x0000018f4e2a3000 'java/lang/invoke/LambdaForm$DMH+0x0000018f4e2a3000'
Event: 60.280 Thread 0x0000018f4cafbe60 Unloading class 0x0000018f4e62c800 'java/lang/invoke/LambdaForm$DMH+0x0000018f4e62c800'

Classes redefined (0 events):
No events

Internal exceptions (20 events):
Event: 4613.611 Thread 0x0000018f9609f5b0 Exception <a 'sun/nio/fs/WindowsException'{0x00000000d55b58e0}> (0x00000000d55b58e0) 
thrown [s\src\hotspot\share\prims\jni.cpp, line 520]
Event: 4620.835 Thread 0x0000018f9609f5b0 Exception <a 'sun/nio/fs/WindowsException'{0x00000000d57a0b88}> (0x00000000d57a0b88) 
thrown [s\src\hotspot\share\prims\jni.cpp, line 520]
Event: 4622.375 Thread 0x0000018f9609f5b0 Exception <a 'sun/nio/fs/WindowsException'{0x00000000d5969d50}> (0x00000000d5969d50) 
thrown [s\src\hotspot\share\prims\jni.cpp, line 520]
Event: 4623.727 Thread 0x0000018f9609f5b0 Exception <a 'sun/nio/fs/WindowsException'{0x00000000d575ad20}> (0x00000000d575ad20) 
thrown [s\src\hotspot\share\prims\jni.cpp, line 520]
Event: 4628.788 Thread 0x0000018f9609f5b0 Exception <a 'sun/nio/fs/WindowsException'{0x00000000d5923748}> (0x00000000d5923748) 
thrown [s\src\hotspot\share\prims\jni.cpp, line 520]
Event: 4666.612 Thread 0x0000018f9609f5b0 Exception <a 'sun/nio/fs/WindowsException'{0x00000000d57f90e0}> (0x00000000d57f90e0) 
thrown [s\src\hotspot\share\prims\jni.cpp, line 520]
Event: 4785.662 Thread 0x0000018f960a0960 Exception <a 'sun/nio/fs/WindowsException'{0x00000000d59683f0}> (0x00000000d59683f0) 
thrown [s\src\hotspot\share\prims\jni.cpp, line 520]
Event: 4785.664 Thread 0x0000018f960a0960 Exception <a 'sun/nio/fs/WindowsException'{0x00000000d59691f8}> (0x00000000d59691f8) 
thrown [s\src\hotspot\share\prims\jni.cpp, line 520]
Event: 4933.573 Thread 0x0000018f9609e890 Exception <a 'sun/nio/fs/WindowsException'{0x00000000d5643ec0}> (0x00000000d5643ec0) 
thrown [s\src\hotspot\share\prims\jni.cpp, line 520]
Event: 4938.573 Thread 0x0000018f960a02d0 Exception <a 'sun/nio/fs/WindowsException'{0x00000000d58970f8}> (0x00000000d58970f8) 
thrown [s\src\hotspot\share\prims\jni.cpp, line 520]
Event: 4943.158 Thread 0x0000018f960a02d0 Exception <a 'sun/nio/fs/WindowsException'{0x00000000d5673d78}> (0x00000000d5673d78) 
thrown [s\src\hotspot\share\prims\jni.cpp, line 520]
Event: 4952.958 Thread 0x0000018f960a02d0 Exception <a 'sun/nio/fs/WindowsException'{0x00000000d586ab70}> (0x00000000d586ab70) 
thrown [s\src\hotspot\share\prims\jni.cpp, line 520]
Event: 4957.163 Thread 0x0000018f960a02d0 Exception <a 'sun/nio/fs/WindowsException'{0x00000000d563d6e8}> (0x00000000d563d6e8) 
thrown [s\src\hotspot\share\prims\jni.cpp, line 520]
Event: 4973.163 Thread 0x0000018f960a02d0 Exception <a 'sun/nio/fs/WindowsException'{0x00000000d582cf00}> (0x00000000d582cf00) 
thrown [s\src\hotspot\share\prims\jni.cpp, line 520]
Event: 4982.619 Thread 0x0000018f960a02d0 Exception <a 'sun/nio/fs/WindowsException'{0x00000000d5601d38}> (0x00000000d5601d38) 
thrown [s\src\hotspot\share\prims\jni.cpp, line 520]
Event: 4987.254 Thread 0x0000018f960a02d0 Exception <a 'sun/nio/fs/WindowsException'{0x00000000d57ed508}> (0x00000000d57ed508) 
thrown [s\src\hotspot\share\prims\jni.cpp, line 520]
Event: 4991.459 Thread 0x0000018f960a02d0 Exception <a 'sun/nio/fs/WindowsException'{0x00000000d55b5978}> (0x00000000d55b5978) 
thrown [s\src\hotspot\share\prims\jni.cpp, line 520]
Event: 5114.162 Thread 0x0000018f95769820 Exception <a 'java/lang/IncompatibleClassChangeError'{0x00000000d571c418}: Found class java.lang.Object, but interface was expected> (0x00000000d571c418) 
thrown [s\src\hotspot\share\interpreter\linkResolver.cpp, line 840]
Event: 5233.835 Thread 0x0000018f960a0960 Exception <a 'sun/nio/fs/WindowsException'{0x00000000d57414d8}> (0x00000000d57414d8) 
thrown [s\src\hotspot\share\prims\jni.cpp, line 520]
Event: 5233.841 Thread 0x0000018f960a0960 Exception <a 'sun/nio/fs/WindowsException'{0x00000000d57422b8}> (0x00000000d57422b8) 
thrown [s\src\hotspot\share\prims\jni.cpp, line 520]

ZGC Phase Switch (0 events):
No events

VM Operations (20 events):
Event: 6912.514 Executing VM operation: HandshakeAllThreads (HandshakeForDeflation)
Event: 6912.514 Executing VM operation: HandshakeAllThreads (HandshakeForDeflation) done
Event: 6912.514 Executing VM operation: RendezvousGCThreads
Event: 6912.514 Executing VM operation: RendezvousGCThreads done
Event: 6972.754 Executing VM operation: HandshakeAllThreads (HandshakeForDeflation)
Event: 6972.755 Executing VM operation: HandshakeAllThreads (HandshakeForDeflation) done
Event: 6972.755 Executing VM operation: RendezvousGCThreads
Event: 6972.755 Executing VM operation: RendezvousGCThreads done
Event: 7032.812 Executing VM operation: HandshakeAllThreads (HandshakeForDeflation)
Event: 7032.812 Executing VM operation: HandshakeAllThreads (HandshakeForDeflation) done
Event: 7032.812 Executing VM operation: RendezvousGCThreads
Event: 7032.812 Executing VM operation: RendezvousGCThreads done
Event: 23831.095 Executing VM operation: HandshakeAllThreads (HandshakeForDeflation)
Event: 23831.098 Executing VM operation: HandshakeAllThreads (HandshakeForDeflation) done
Event: 23831.098 Executing VM operation: RendezvousGCThreads
Event: 23831.098 Executing VM operation: RendezvousGCThreads done
Event: 101508.867 Executing VM operation: HandshakeAllThreads (HandshakeForDeflation)
Event: 101509.252 Executing VM operation: HandshakeAllThreads (HandshakeForDeflation) done
Event: 101509.254 Executing VM operation: RendezvousGCThreads
Event: 101509.277 Executing VM operation: RendezvousGCThreads done

Memory protections (0 events):
No events

Nmethod flushes (20 events):
Event: 60.306 Thread 0x0000018f4cafbe60 flushing  nmethod 0x0000018f39bcc010
Event: 60.306 Thread 0x0000018f4cafbe60 flushing  nmethod 0x0000018f39bcf590
Event: 60.306 Thread 0x0000018f4cafbe60 flushing  nmethod 0x0000018f39bcf910
Event: 60.306 Thread 0x0000018f4cafbe60 flushing  nmethod 0x0000018f39bcff10
Event: 60.306 Thread 0x0000018f4cafbe60 flushing  nmethod 0x0000018f39bd2d10
Event: 60.306 Thread 0x0000018f4cafbe60 flushing  nmethod 0x0000018f39bdb290
Event: 60.306 Thread 0x0000018f4cafbe60 flushing  nmethod 0x0000018f39be1590
Event: 60.306 Thread 0x0000018f4cafbe60 flushing  nmethod 0x0000018f39bf5f90
Event: 60.306 Thread 0x0000018f4cafbe60 flushing  nmethod 0x0000018f39c05b10
Event: 60.306 Thread 0x0000018f4cafbe60 flushing  nmethod 0x0000018f39c10910
Event: 60.306 Thread 0x0000018f4cafbe60 flushing  nmethod 0x0000018f39c11710
Event: 60.306 Thread 0x0000018f4cafbe60 flushing  nmethod 0x0000018f39c13c90
Event: 60.306 Thread 0x0000018f4cafbe60 flushing  nmethod 0x0000018f39c18110
Event: 60.306 Thread 0x0000018f4cafbe60 flushing  nmethod 0x0000018f39c53a10
Event: 60.306 Thread 0x0000018f4cafbe60 flushing  nmethod 0x0000018f39c6b610
Event: 60.306 Thread 0x0000018f4cafbe60 flushing  nmethod 0x0000018f39c6ce90
Event: 60.306 Thread 0x0000018f4cafbe60 flushing  nmethod 0x0000018f39c6d490
Event: 60.306 Thread 0x0000018f4cafbe60 flushing  nmethod 0x0000018f39c6e090
Event: 60.306 Thread 0x0000018f4cafbe60 flushing  nmethod 0x0000018f39c6ed90
Event: 60.306 Thread 0x0000018f4cafbe60 flushing  nmethod 0x0000018f39c78e90

Events (20 events):
Event: 4452.570 Thread 0x0000018f9609a6f0 Thread exited: 0x0000018f9609a6f0
Event: 4452.581 Thread 0x0000018f9609f5b0 Thread added: 0x0000018f960a02d0
Event: 4452.582 Thread 0x0000018f960a02d0 Thread exited: 0x0000018f960a02d0
Event: 4556.779 Thread 0x0000018f9609fc40 Thread exited: 0x0000018f9609fc40
Event: 4561.652 Thread 0x0000018f9609e890 Thread added: 0x0000018f960a0960
Event: 4666.634 Thread 0x0000018f9609f5b0 Thread added: 0x0000018f9609ef20
Event: 4666.639 Thread 0x0000018f9609ef20 Thread added: 0x0000018f9609fc40
Event: 4726.661 Thread 0x0000018f9609fc40 Thread exited: 0x0000018f9609fc40
Event: 4785.474 Thread 0x0000018f9609f5b0 Thread exited: 0x0000018f9609f5b0
Event: 4785.637 Thread 0x0000018f960a0960 Thread added: 0x0000018f9609db70
Event: 4785.641 Thread 0x0000018f9609db70 Thread exited: 0x0000018f9609db70
Event: 4785.671 Thread 0x0000018f960a0960 Thread added: 0x0000018f9609f5b0
Event: 4785.672 Thread 0x0000018f9609f5b0 Thread exited: 0x0000018f9609f5b0
Event: 4786.671 Thread 0x0000018f9609ef20 Thread exited: 0x0000018f9609ef20
Event: 4933.903 Thread 0x0000018f960a0960 Thread added: 0x0000018f960a02d0
Event: 5111.585 Thread 0x0000018f9609e890 Thread exited: 0x0000018f9609e890
Event: 5233.768 Thread 0x0000018f960a0960 Thread added: 0x0000018f960a0ff0
Event: 5233.785 Thread 0x0000018f960a0ff0 Thread exited: 0x0000018f960a0ff0
Event: 5233.863 Thread 0x0000018f960a0960 Thread added: 0x0000018f960a0ff0
Event: 5233.865 Thread 0x0000018f960a0ff0 Thread exited: 0x0000018f960a0ff0


Dynamic libraries:
0x00007ff674ec0000 - 0x00007ff674ece000 	c:\Users\WILLIAN\.vscode\extensions\redhat.java-1.47.0-win32-x64\jre\21.0.8-win32-x86_64\bin\java.exe
0x00007ffa5a250000 - 0x00007ffa5a448000 	C:\WINDOWS\SYSTEM32\ntdll.dll
0x00007ffa58ac0000 - 0x00007ffa58b82000 	C:\WINDOWS\System32\KERNEL32.DLL
0x00007ffa57a80000 - 0x00007ffa57d76000 	C:\WINDOWS\System32\KERNELBASE.dll
0x00007ffa57980000 - 0x00007ffa57a80000 	C:\WINDOWS\System32\ucrtbase.dll
0x00007ffa48db0000 - 0x00007ffa48dc8000 	c:\Users\WILLIAN\.vscode\extensions\redhat.java-1.47.0-win32-x64\jre\21.0.8-win32-x86_64\bin\jli.dll
0x00007ffa58ce0000 - 0x00007ffa58e81000 	C:\WINDOWS\System32\USER32.dll
0x00007ffa581c0000 - 0x00007ffa581e2000 	C:\WINDOWS\System32\win32u.dll
0x00007ffa599d0000 - 0x00007ffa599fb000 	C:\WINDOWS\System32\GDI32.dll
0x00007ffa57e30000 - 0x00007ffa57f49000 	C:\WINDOWS\System32\gdi32full.dll
0x00007ffa578e0000 - 0x00007ffa5797d000 	C:\WINDOWS\System32\msvcp_win.dll
0x00007ffa45620000 - 0x00007ffa4563e000 	c:\Users\WILLIAN\.vscode\extensions\redhat.java-1.47.0-win32-x64\jre\21.0.8-win32-x86_64\bin\VCRUNTIME140.dll
0x00007ffa45370000 - 0x00007ffa4560b000 	C:\WINDOWS\WinSxS\amd64_microsoft.windows.common-controls_6595b64144ccf1df_6.0.19041.6456_none_60b8a6cb71f64256\COMCTL32.dll
0x00007ffa58c40000 - 0x00007ffa58cde000 	C:\WINDOWS\System32\msvcrt.dll
0x00007ffa58a60000 - 0x00007ffa58a8f000 	C:\WINDOWS\System32\IMM32.DLL
0x00007ffa51920000 - 0x00007ffa5192c000 	c:\Users\WILLIAN\.vscode\extensions\redhat.java-1.47.0-win32-x64\jre\21.0.8-win32-x86_64\bin\vcruntime140_1.dll
0x00007ffa32ae0000 - 0x00007ffa32b6d000 	c:\Users\WILLIAN\.vscode\extensions\redhat.java-1.47.0-win32-x64\jre\21.0.8-win32-x86_64\bin\msvcp140.dll
0x00007ff9fd590000 - 0x00007ff9fe327000 	c:\Users\WILLIAN\.vscode\extensions\redhat.java-1.47.0-win32-x64\jre\21.0.8-win32-x86_64\bin\server\jvm.dll
0x00007ffa58340000 - 0x00007ffa583f1000 	C:\WINDOWS\System32\ADVAPI32.dll
0x00007ffa59a00000 - 0x00007ffa59a9f000 	C:\WINDOWS\System32\sechost.dll
0x00007ffa58610000 - 0x00007ffa58730000 	C:\WINDOWS\System32\RPCRT4.dll
0x00007ffa57fa0000 - 0x00007ffa57fc7000 	C:\WINDOWS\System32\bcrypt.dll
0x00007ffa58ef0000 - 0x00007ffa58f5b000 	C:\WINDOWS\System32\WS2_32.dll
0x00007ffa57740000 - 0x00007ffa5778b000 	C:\WINDOWS\SYSTEM32\POWRPROF.dll
0x00007ffa44210000 - 0x00007ffa44237000 	C:\WINDOWS\SYSTEM32\WINMM.dll
0x00007ffa4aee0000 - 0x00007ffa4aeea000 	C:\WINDOWS\SYSTEM32\VERSION.dll
0x00007ffa57720000 - 0x00007ffa57732000 	C:\WINDOWS\SYSTEM32\UMPDC.dll
0x00007ffa55750000 - 0x00007ffa55762000 	C:\WINDOWS\SYSTEM32\kernel.appcore.dll
0x00007ffa4f710000 - 0x00007ffa4f71a000 	c:\Users\WILLIAN\.vscode\extensions\redhat.java-1.47.0-win32-x64\jre\21.0.8-win32-x86_64\bin\jimage.dll
0x00007ffa40f00000 - 0x00007ffa41101000 	C:\WINDOWS\SYSTEM32\DBGHELP.DLL
0x00007ffa40ec0000 - 0x00007ffa40ef4000 	C:\WINDOWS\SYSTEM32\dbgcore.DLL
0x00007ffa57fd0000 - 0x00007ffa58052000 	C:\WINDOWS\System32\bcryptPrimitives.dll
0x00007ffa47270000 - 0x00007ffa4727f000 	c:\Users\WILLIAN\.vscode\extensions\redhat.java-1.47.0-win32-x64\jre\21.0.8-win32-x86_64\bin\instrument.dll
0x00007ffa41a80000 - 0x00007ffa41a9f000 	c:\Users\WILLIAN\.vscode\extensions\redhat.java-1.47.0-win32-x64\jre\21.0.8-win32-x86_64\bin\java.dll
0x00007ffa59aa0000 - 0x00007ffa5a210000 	C:\WINDOWS\System32\SHELL32.dll
0x00007ffa55950000 - 0x00007ffa560f5000 	C:\WINDOWS\SYSTEM32\windows.storage.dll
0x00007ffa58f60000 - 0x00007ffa592b4000 	C:\WINDOWS\System32\combase.dll
0x00007ffa57230000 - 0x00007ffa5725b000 	C:\WINDOWS\SYSTEM32\Wldp.dll
0x00007ffa59490000 - 0x00007ffa5955d000 	C:\WINDOWS\System32\OLEAUT32.dll
0x00007ffa58b90000 - 0x00007ffa58c3d000 	C:\WINDOWS\System32\SHCORE.dll
0x00007ffa58e90000 - 0x00007ffa58eeb000 	C:\WINDOWS\System32\shlwapi.dll
0x00007ffa57810000 - 0x00007ffa57834000 	C:\WINDOWS\SYSTEM32\profapi.dll
0x00007ffa43580000 - 0x00007ffa43598000 	c:\Users\WILLIAN\.vscode\extensions\redhat.java-1.47.0-win32-x64\jre\21.0.8-win32-x86_64\bin\zip.dll
0x00007ffa47120000 - 0x00007ffa47130000 	C:\Users\WILLIAN\.vscode\extensions\redhat.java-1.47.0-win32-x64\jre\21.0.8-win32-x86_64\bin\net.dll
0x00007ffa4ec60000 - 0x00007ffa4ed6a000 	C:\WINDOWS\SYSTEM32\WINHTTP.dll
0x00007ffa56f90000 - 0x00007ffa56ffa000 	C:\WINDOWS\system32\mswsock.dll
0x00007ffa417d0000 - 0x00007ffa417e6000 	C:\Users\WILLIAN\.vscode\extensions\redhat.java-1.47.0-win32-x64\jre\21.0.8-win32-x86_64\bin\nio.dll
0x00007ffa46fd0000 - 0x00007ffa46fe0000 	c:\Users\WILLIAN\.vscode\extensions\redhat.java-1.47.0-win32-x64\jre\21.0.8-win32-x86_64\bin\verify.dll
0x00007ffa32c30000 - 0x00007ffa32c74000 	C:\Users\WILLIAN\AppData\Roaming\Code\User\globalStorage\redhat.java\1.47.0\config_win\org.eclipse.equinox.launcher\org.eclipse.equinox.launcher.win32.win32.x86_64_1.2.1400.v20250801-0854\eclipse_11916.dll
0x00007ffa58730000 - 0x00007ffa5885b000 	C:\WINDOWS\System32\ole32.dll
0x00007ffa4f830000 - 0x00007ffa4f83a000 	C:\Users\WILLIAN\.vscode\extensions\redhat.java-1.47.0-win32-x64\jre\21.0.8-win32-x86_64\bin\management.dll
0x00007ffa4f590000 - 0x00007ffa4f59b000 	C:\Users\WILLIAN\.vscode\extensions\redhat.java-1.47.0-win32-x64\jre\21.0.8-win32-x86_64\bin\management_ext.dll
0x00007ffa58a90000 - 0x00007ffa58a98000 	C:\WINDOWS\System32\PSAPI.DLL
0x00007ffa57180000 - 0x00007ffa57198000 	C:\WINDOWS\SYSTEM32\CRYPTSP.dll
0x00007ffa568b0000 - 0x00007ffa568e8000 	C:\WINDOWS\system32\rsaenh.dll
0x00007ffa57790000 - 0x00007ffa577be000 	C:\WINDOWS\SYSTEM32\USERENV.dll
0x00007ffa571a0000 - 0x00007ffa571ac000 	C:\WINDOWS\SYSTEM32\CRYPTBASE.dll
0x00007ffa56c70000 - 0x00007ffa56cab000 	C:\WINDOWS\SYSTEM32\IPHLPAPI.DLL
0x00007ffa58aa0000 - 0x00007ffa58aa8000 	C:\WINDOWS\System32\NSI.dll
0x00007ffa39d80000 - 0x00007ffa39dc9000 	C:\Users\WILLIAN\AppData\Local\Temp\jna-1750239835\jna7829482501651558418.dll
0x00007ffa4dc80000 - 0x00007ffa4dc97000 	C:\WINDOWS\SYSTEM32\dhcpcsvc6.DLL
0x00007ffa4eae0000 - 0x00007ffa4eafd000 	C:\WINDOWS\SYSTEM32\dhcpcsvc.DLL
0x00007ffa4f880000 - 0x00007ffa4f88e000 	C:\Users\WILLIAN\.vscode\extensions\redhat.java-1.47.0-win32-x64\jre\21.0.8-win32-x86_64\bin\sunmscapi.dll
0x00007ffa58060000 - 0x00007ffa581bd000 	C:\WINDOWS\System32\CRYPT32.dll
0x00007ffa572a0000 - 0x00007ffa572c7000 	C:\WINDOWS\SYSTEM32\ncrypt.dll
0x00007ffa57260000 - 0x00007ffa5729b000 	C:\WINDOWS\SYSTEM32\NTASN1.dll
0x00007ffa56cb0000 - 0x00007ffa56d7a000 	C:\WINDOWS\SYSTEM32\DNSAPI.dll
0x00000000533a0000 - 0x00000000533c6000 	C:\Program Files\Bonjour\mdnsNSP.dll
0x00007ffa4a770000 - 0x00007ffa4a77a000 	C:\Windows\System32\rasadhlp.dll
0x00007ffa4a920000 - 0x00007ffa4a9a0000 	C:\WINDOWS\System32\fwpuclnt.dll
0x00007ffa4f870000 - 0x00007ffa4f879000 	C:\Users\WILLIAN\.vscode\extensions\redhat.java-1.47.0-win32-x64\jre\21.0.8-win32-x86_64\bin\extnet.dll
0x00007ffa56b00000 - 0x00007ffa56b33000 	C:\WINDOWS\SYSTEM32\ntmarta.dll

JVMTI agents:
c:\Users\WILLIAN\.vscode\extensions\redhat.java-1.47.0-win32-x64\lombok\lombok-1.18.39-4050.jar path:c:\Users\WILLIAN\.vscode\extensions\redhat.java-1.47.0-win32-x64\jre\21.0.8-win32-x86_64\bin\instrument.dll, loaded, initialized, instrumentlib options:none

dbghelp: loaded successfully - version: 4.0.5 - missing functions: none
symbol engine: initialized successfully - sym options: 0x614 - pdb path: .;c:\Users\WILLIAN\.vscode\extensions\redhat.java-1.47.0-win32-x64\jre\21.0.8-win32-x86_64\bin;C:\WINDOWS\SYSTEM32;C:\WINDOWS\WinSxS\amd64_microsoft.windows.common-controls_6595b64144ccf1df_6.0.19041.6456_none_60b8a6cb71f64256;c:\Users\WILLIAN\.vscode\extensions\redhat.java-1.47.0-win32-x64\jre\21.0.8-win32-x86_64\bin\server;C:\Users\WILLIAN\AppData\Roaming\Code\User\globalStorage\redhat.java\1.47.0\config_win\org.eclipse.equinox.launcher\org.eclipse.equinox.launcher.win32.win32.x86_64_1.2.1400.v20250801-0854;C:\Users\WILLIAN\AppData\Local\Temp\jna-1750239835;C:\Program Files\Bonjour

VM Arguments:
jvm_args: --add-modules=ALL-SYSTEM --add-opens=java.base/java.util=ALL-UNNAMED --add-opens=java.base/java.lang=ALL-UNNAMED --add-opens=java.base/sun.nio.fs=ALL-UNNAMED -Declipse.application=org.eclipse.jdt.ls.core.id1 -Dosgi.bundles.defaultStartLevel=4 -Declipse.product=org.eclipse.jdt.ls.core.product -Djava.import.generatesMetadataFilesAtProjectRoot=false -DDetectVMInstallationsJob.disabled=true -Dfile.encoding=utf8 -XX:+UseParallelGC -XX:GCTimeRatio=4 -XX:AdaptiveSizePolicyWeight=90 -Dsun.zip.disableMemoryMapping=true -Xmx2G -Xms100m -Xlog:disable -javaagent:c:\Users\WILLIAN\.vscode\extensions\redhat.java-1.47.0-win32-x64\lombok\lombok-1.18.39-4050.jar -XX:+HeapDumpOnOutOfMemoryError -XX:HeapDumpPath=c:\Users\WILLIAN\AppData\Roaming\Code\User\workspaceStorage\09771ff72b9ba19fa62d1a0e727cc69a\redhat.java -Daether.dependencyCollector.impl=bf 
java_command: c:\Users\WILLIAN\.vscode\extensions\redhat.java-1.47.0-win32-x64\server\plugins\org.eclipse.equinox.launcher_1.7.100.v20251014-1222.jar -configuration c:\Users\WILLIAN\AppData\Roaming\Code\User\globalStorage\redhat.java\1.47.0\config_win -data c:\Users\WILLIAN\AppData\Roaming\Code\User\workspaceStorage\09771ff72b9ba19fa62d1a0e727cc69a\redhat.java\jdt_ws --pipe=\\.\pipe\lsp-799a317fba06af77349b2fe9fae06c8e-sock
java_class_path (initial): c:\Users\WILLIAN\.vscode\extensions\redhat.java-1.47.0-win32-x64\server\plugins\org.eclipse.equinox.launcher_1.7.100.v20251014-1222.jar
Launcher Type: SUN_STANDARD

[Global flags]
    uintx AdaptiveSizePolicyWeight                 = 90                                        {product} {command line}
     intx CICompilerCount                          = 3                                         {product} {ergonomic}
    uintx GCTimeRatio                              = 4                                         {product} {command line}
     bool HeapDumpOnOutOfMemoryError               = true                                   {manageable} {command line}
    ccstr HeapDumpPath                             = c:\Users\WILLIAN\AppData\Roaming\Code\User\workspaceStorage\09771ff72b9ba19fa62d1a0e727cc69a\redhat.java         {manageable} {command line}
   size_t InitialHeapSize                          = 104857600                                 {product} {command line}
   size_t MaxHeapSize                              = 2147483648                                {product} {command line}
   size_t MaxNewSize                               = 715653120                                 {product} {ergonomic}
   size_t MinHeapDeltaBytes                        = 524288                                    {product} {ergonomic}
   size_t MinHeapSize                              = 104857600                                 {product} {command line}
   size_t NewSize                                  = 34603008                                  {product} {ergonomic}
    uintx NonNMethodCodeHeapSize                   = 5832780                                {pd product} {ergonomic}
    uintx NonProfiledCodeHeapSize                  = 122912730                              {pd product} {ergonomic}
   size_t OldSize                                  = 70254592                                  {product} {ergonomic}
    uintx ProfiledCodeHeapSize                     = 122912730                              {pd product} {ergonomic}
    uintx ReservedCodeCacheSize                    = 251658240                              {pd product} {ergonomic}
     bool SegmentedCodeCache                       = true                                      {product} {ergonomic}
   size_t SoftMaxHeapSize                          = 2147483648                             {manageable} {ergonomic}
     bool UseCompressedOops                        = true                           {product lp64_product} {ergonomic}
     bool UseLargePagesIndividualAllocation        = false                                  {pd product} {ergonomic}
     bool UseParallelGC                            = true                                      {product} {command line}

Logging:
Log output configuration:
 #0: stdout all=off uptime,level,tags foldmultilines=false
 #1: stderr all=off uptime,level,tags foldmultilines=false

Environment Variables:
PATH=C:\Program Files (x86)\Common Files\Oracle\Java\javapath;C:\Program Files (x86)\Intel\iCLS Client\;C:\Program Files\Intel\iCLS Client\;C:\WINDOWS\system32;C:\WINDOWS;C:\WINDOWS\System32\Wbem;C:\WINDOWS\System32\WindowsPowerShell\v1.0\;C:\WINDOWS\System32\OpenSSH\;C:\Program Files\Git\cmd;C:\Program Files\apache-maven-3.9.11\bin;C:\Program Files\nodejs\;C:\Users\WILLIAN\AppData\Local\Microsoft\WindowsApps;C:\Users\WILLIAN\AppData\Local\Programs\Microsoft VS Code\bin;C:\Users\WILLIAN\AppData\Roaming\npm
USERNAME=Julián Giraldo
OS=Windows_NT
PROCESSOR_IDENTIFIER=Intel64 Family 6 Model 61 Stepping 4, GenuineIntel
TMP=C:\Users\WILLIAN\AppData\Local\Temp
TEMP=C:\Users\WILLIAN\AppData\Local\Temp




Periodic native trim disabled

---------------  S Y S T E M  ---------------

OS:
 Windows 10 , 64 bit Build 19041 (10.0.19041.5915)
OS uptime: 13 days 20:20 hours

CPU: total 4 (initial active 4) (2 cores per cpu, 2 threads per core) family 6 model 61 stepping 4 microcode 0x2d, cx8, cmov, fxsr, ht, mmx, 3dnowpref, sse, sse2, sse3, ssse3, sse4.1, sse4.2, popcnt, lzcnt, tsc, tscinvbit, avx, avx2, aes, erms, clmul, bmi1, bmi2, adx, fma, vzeroupper, clflush, rdtscp, f16c
Processor Information for the first 4 processors :
  Max Mhz: 1601, Current Mhz: 1601, Mhz Limit: 1601

Memory: 4k page, system-wide physical 3998M (253M free)
TotalPageFile size 16286M (AvailPageFile size 4M)
current process WorkingSet (physical memory assigned to process): 8M, peak: 831M
current process commit charge ("private bytes"): 795M, peak: 805M

vm_info: OpenJDK 64-Bit Server VM (21.0.8+9-LTS) for windows-amd64 JRE (21.0.8+9-LTS), built on 2025-07-15T00:00:00Z by "admin" with MS VC++ 17.7 (VS2022)

END.
